# JRE version: OpenJDK Runtime Environment (13.0.2+8) (build 13.0.2+8)
# Java VM: OpenJDK 64-Bit Server VM (13.0.2+8, mixed mode, sharing, tiered, compressed oops, g1 gc, windows-amd64)
Heap:
 garbage-first heap   total 262144K, used 50384K [0x00000000e0000000, 0x0000000100000000)
  region size 1024K, 14 young (14336K), 10 survivors (10240K)
 Metaspace       used 62096K, capacity 64631K, committed 64768K, reserved 311296K
  class space    used 7921K, capacity 8603K, committed 8704K, reserved 253952K
GC Heap History (20 events):
Event: 3.251 GC heap before
{Heap before GC invocations=3 (full 0):
 garbage-first heap   total 262144K, used 56914K [0x00000000e0000000, 0x0000000100000000)
  region size 1024K, 47 young (48128K), 4 survivors (4096K)
 Metaspace       used 11491K, capacity 11884K, committed 12032K, reserved 264192K
  class space    used 1653K, capacity 1787K, committed 1792K, reserved 253952K
}
Event: 3.258 GC heap after
{Heap after GC invocations=4 (full 0):
 garbage-first heap   total 262144K, used 16058K [0x00000000e0000000, 0x0000000100000000)
  region size 1024K, 3 young (3072K), 3 survivors (3072K)
 Metaspace       used 11491K, capacity 11884K, committed 12032K, reserved 264192K
  class space    used 1653K, capacity 1787K, committed 1792K, reserved 253952K
}
Event: 4.121 GC heap before
{Heap before GC invocations=4 (full 0):
 garbage-first heap   total 262144K, used 75450K [0x00000000e0000000, 0x0000000100000000)
  region size 1024K, 61 young (62464K), 3 survivors (3072K)
 Metaspace       used 18465K, capacity 19134K, committed 19456K, reserved 270336K
  class space    used 2733K, capacity 2955K, committed 3072K, reserved 253952K
}
Event: 4.132 GC heap after
{Heap after GC invocations=5 (full 0):
 garbage-first heap   total 262144K, used 18386K [0x00000000e0000000, 0x0000000100000000)
  region size 1024K, 6 young (6144K), 6 survivors (6144K)
 Metaspace       used 18465K, capacity 19134K, committed 19456K, reserved 270336K
  class space    used 2733K, capacity 2955K, committed 3072K, reserved 253952K
}
Event: 4.462 GC heap before
{Heap before GC invocations=5 (full 0):
 garbage-first heap   total 262144K, used 39890K [0x00000000e0000000, 0x0000000100000000)
  region size 1024K, 28 young (28672K), 6 survivors (6144K)
 Metaspace       used 20569K, capacity 21147K, committed 21248K, reserved 272384K
  class space    used 3069K, capacity 3287K, committed 3328K, reserved 253952K
}
Event: 4.472 GC heap after
{Heap after GC invocations=6 (full 0):
 garbage-first heap   total 262144K, used 19162K [0x00000000e0000000, 0x0000000100000000)
  region size 1024K, 6 young (6144K), 6 survivors (6144K)
 Metaspace       used 20569K, capacity 21147K, committed 21248K, reserved 272384K
  class space    used 3069K, capacity 3287K, committed 3328K, reserved 253952K
}
Event: 6.227 GC heap before
{Heap before GC invocations=7 (full 0):
 garbage-first heap   total 262144K, used 105178K [0x00000000e0000000, 0x0000000100000000)
  region size 1024K, 87 young (89088K), 6 survivors (6144K)
 Metaspace       used 33909K, capacity 34706K, committed 34816K, reserved 284672K
  class space    used 4535K, capacity 4790K, committed 4864K, reserved 253952K
}
Event: 6.244 GC heap after
{Heap after GC invocations=8 (full 0):
 garbage-first heap   total 262144K, used 25799K [0x00000000e0000000, 0x0000000100000000)
  region size 1024K, 10 young (10240K), 10 survivors (10240K)
 Metaspace       used 33909K, capacity 34706K, committed 34816K, reserved 284672K
  class space    used 4535K, capacity 4790K, committed 4864K, reserved 253952K
}
Event: 6.396 GC heap before
{Heap before GC invocations=8 (full 0):
 garbage-first heap   total 262144K, used 35015K [0x00000000e0000000, 0x0000000100000000)
  region size 1024K, 19 young (19456K), 10 survivors (10240K)
 Metaspace       used 34962K, capacity 35748K, committed 35840K, reserved 286720K
  class space    used 4650K, capacity 4924K, committed 4992K, reserved 253952K
}
Event: 6.415 GC heap after
{Heap after GC invocations=9 (full 0):
 garbage-first heap   total 262144K, used 27321K [0x00000000e0000000, 0x0000000100000000)
  region size 1024K, 8 young (8192K), 8 survivors (8192K)
 Metaspace       used 34962K, capacity 35748K, committed 35840K, reserved 286720K
  class space    used 4650K, capacity 4924K, committed 4992K, reserved 253952K
}
Event: 7.932 GC heap before
{Heap before GC invocations=10 (full 0):
 garbage-first heap   total 262144K, used 116409K [0x00000000e0000000, 0x0000000100000000)
  region size 1024K, 95 young (97280K), 8 survivors (8192K)
 Metaspace       used 41811K, capacity 42933K, committed 43264K, reserved 292864K
  class space    used 5654K, capacity 6022K, committed 6144K, reserved 253952K
}
Event: 7.970 GC heap after
{Heap after GC invocations=11 (full 0):
 garbage-first heap   total 262144K, used 32638K [0x00000000e0000000, 0x0000000100000000)
  region size 1024K, 7 young (7168K), 7 survivors (7168K)
 Metaspace       used 41811K, capacity 42933K, committed 43264K, reserved 292864K
  class space    used 5654K, capacity 6022K, committed 6144K, reserved 253952K
}
Event: 12.035 GC heap before
{Heap before GC invocations=12 (full 0):
 garbage-first heap   total 262144K, used 140158K [0x00000000e0000000, 0x0000000100000000)
  region size 1024K, 111 young (113664K), 7 survivors (7168K)
 Metaspace       used 55935K, capacity 57620K, committed 57856K, reserved 305152K
  class space    used 7546K, capacity 8117K, committed 8192K, reserved 253952K
}
Event: 12.055 GC heap after
{Heap after GC invocations=13 (full 0):
 garbage-first heap   total 262144K, used 39670K [0x00000000e0000000, 0x0000000100000000)
  region size 1024K, 14 young (14336K), 14 survivors (14336K)
 Metaspace       used 55935K, capacity 57620K, committed 57856K, reserved 305152K
  class space    used 7546K, capacity 8117K, committed 8192K, reserved 253952K
}
Event: 1227.813 GC heap before
{Heap before GC invocations=13 (full 0):
 garbage-first heap   total 262144K, used 161526K [0x00000000e0000000, 0x0000000100000000)
  region size 1024K, 134 young (137216K), 14 survivors (14336K)
 Metaspace       used 59611K, capacity 61627K, committed 61824K, reserved 307200K
  class space    used 7825K, capacity 8476K, committed 8576K, reserved 253952K
}
Event: 1227.851 GC heap after
{Heap after GC invocations=14 (full 0):
 garbage-first heap   total 262144K, used 43234K [0x00000000e0000000, 0x0000000100000000)
  region size 1024K, 11 young (11264K), 11 survivors (11264K)
 Metaspace       used 59611K, capacity 61627K, committed 61824K, reserved 307200K
  class space    used 7825K, capacity 8476K, committed 8576K, reserved 253952K
}
Event: 3138.591 GC heap before
{Heap before GC invocations=14 (full 0):
 garbage-first heap   total 262144K, used 187618K [0x00000000e0000000, 0x0000000100000000)
  region size 1024K, 153 young (156672K), 11 survivors (11264K)
 Metaspace       used 61119K, capacity 63483K, committed 63616K, reserved 309248K
  class space    used 7874K, capacity 8540K, committed 8576K, reserved 253952K
}
Event: 3138.609 GC heap after
{Heap after GC invocations=15 (full 0):
 garbage-first heap   total 262144K, used 44975K [0x00000000e0000000, 0x0000000100000000)
  region size 1024K, 7 young (7168K), 7 survivors (7168K)
 Metaspace       used 61119K, capacity 63483K, committed 63616K, reserved 309248K
  class space    used 7874K, capacity 8540K, committed 8576K, reserved 253952K
}
Event: 6923.087 GC heap before
{Heap before GC invocations=15 (full 0):
 garbage-first heap   total 262144K, used 193455K [0x00000000e0000000, 0x0000000100000000)
  region size 1024K, 153 young (156672K), 7 survivors (7168K)
 Metaspace       used 62064K, capacity 64564K, committed 64768K, reserved 311296K
  class space    used 7921K, capacity 8602K, committed 8704K, reserved 253952K
}
Event: 6923.108 GC heap after
{Heap after GC invocations=16 (full 0):
 garbage-first heap   total 262144K, used 48336K [0x00000000e0000000, 0x0000000100000000)
  region size 1024K, 10 young (10240K), 10 survivors (10240K)
 Metaspace       used 62064K, capacity 64564K, committed 64768K, reserved 311296K
  class space    used 7921K, capacity 8602K, committed 8704K, reserved 253952K
}

